java.io.IOException: Cannot run program "/usr/lib/jvm/java-8-openjdk-*/bin/java" (in directory "/home/user/projects/lab04_new/src/main/scala/acal_lab04/Hw4"): error=2, No such file or directory
  java.base/java.lang.ProcessBuilder.start(ProcessBuilder.java:1143)
  java.base/java.lang.ProcessBuilder.start(ProcessBuilder.java:1073)
  os.proc.proc$lzyINIT1$1(ProcessOps.scala:123)
  os.proc.proc$1(ProcessOps.scala:127)
  os.proc.spawn(ProcessOps.scala:129)
  os.proc.call(ProcessOps.scala:87)
  scala.build.internal.OsLibc$.javaVersion(OsLibc.scala:80)
  scala.build.internal.OsLibc$.javaHomeVersion(OsLibc.scala:95)
  scala.cli.commands.shared.SharedOptions.$anonfun$39$$anonfun$1(SharedOptions.scala:569)
  scala.Option.map(Option.scala:242)
  scala.cli.commands.shared.SharedOptions.$anonfun$39(SharedOptions.scala:573)
  scala.Option.orElse(Option.scala:477)
  scala.cli.commands.shared.SharedOptions.bloopRifleConfig$$anonfun$1(SharedOptions.scala:574)
  scala.build.EitherCps$Helper.apply(EitherCps.scala:19)
  scala.cli.commands.shared.SharedOptions.bloopRifleConfig(SharedOptions.scala:584)
  scala.cli.commands.bsp.Bsp$.runCommand(Bsp.scala:144)
  scala.cli.commands.bsp.Bsp$.runCommand(Bsp.scala:75)
  scala.cli.commands.ScalaCommand.run(ScalaCommand.scala:379)
  scala.cli.commands.ScalaCommand.run(ScalaCommand.scala:361)
  caseapp.core.app.CaseApp.main(CaseApp.scala:157)
  scala.cli.commands.ScalaCommand.main(ScalaCommand.scala:346)
  caseapp.core.app.CommandsEntryPoint.main(CommandsEntryPoint.scala:169)
  scala.cli.ScalaCliCommands.main(ScalaCliCommands.scala:125)
  scala.cli.ScalaCli$.main0(ScalaCli.scala:292)
  scala.cli.ScalaCli$.main(ScalaCli.scala:118)
  scala.cli.ScalaCli.main(ScalaCli.scala)
java.io.IOException: error=2, No such file or directory
  java.base/java.lang.ProcessImpl.forkAndExec(Native Method)
  java.base/java.lang.ProcessImpl.<init>(ProcessImpl.java:314)
  java.base/java.lang.ProcessImpl.start(ProcessImpl.java:244)
  java.base/java.lang.ProcessBuilder.start(ProcessBuilder.java:1110)
  java.base/java.lang.ProcessBuilder.start(ProcessBuilder.java:1073)
  os.proc.proc$lzyINIT1$1(ProcessOps.scala:123)
  os.proc.proc$1(ProcessOps.scala:127)
  os.proc.spawn(ProcessOps.scala:129)
  os.proc.call(ProcessOps.scala:87)
  scala.build.internal.OsLibc$.javaVersion(OsLibc.scala:80)
  scala.build.internal.OsLibc$.javaHomeVersion(OsLibc.scala:95)
  scala.cli.commands.shared.SharedOptions.$anonfun$39$$anonfun$1(SharedOptions.scala:569)
  scala.Option.map(Option.scala:242)
  scala.cli.commands.shared.SharedOptions.$anonfun$39(SharedOptions.scala:573)
  scala.Option.orElse(Option.scala:477)
  scala.cli.commands.shared.SharedOptions.bloopRifleConfig$$anonfun$1(SharedOptions.scala:574)
  scala.build.EitherCps$Helper.apply(EitherCps.scala:19)
  scala.cli.commands.shared.SharedOptions.bloopRifleConfig(SharedOptions.scala:584)
  scala.cli.commands.bsp.Bsp$.runCommand(Bsp.scala:144)
  scala.cli.commands.bsp.Bsp$.runCommand(Bsp.scala:75)
  scala.cli.commands.ScalaCommand.run(ScalaCommand.scala:379)
  scala.cli.commands.ScalaCommand.run(ScalaCommand.scala:361)
  caseapp.core.app.CaseApp.main(CaseApp.scala:157)
  scala.cli.commands.ScalaCommand.main(ScalaCommand.scala:346)
  caseapp.core.app.CommandsEntryPoint.main(CommandsEntryPoint.scala:169)
  scala.cli.ScalaCliCommands.main(ScalaCliCommands.scala:125)
  scala.cli.ScalaCli$.main0(ScalaCli.scala:292)
  scala.cli.ScalaCli$.main(ScalaCli.scala:118)
  scala.cli.ScalaCli.main(ScalaCli.scala)
